Android-PullToRefresh-master/build/outputs/logs/manifest-merger-debug-report.txt
-- Merging decision tree log ---
manifest
ADDED from edcollection/Android-PullToRefresh-master/AndroidManifest.xml:2:1-11:12
INJECTED from edcollection/Android-PullToRefresh-master/AndroidManifest.xml:2:1-11:12
INJECTED from edcollection/Android-PullToRefresh-master/AndroidManifest.xml:2:1-11:12
INJECTED from edcollection/Android-PullToRefresh-master/AndroidManifest.xml:2:1-11:12
INJECTED from edcollection/Android-PullToRefresh-master/AndroidManifest.xml:2:1-11:12
INJECTED from edcollection/Android-PullToRefresh-master/AndroidManifest.xml:2:1-11:12
INJECTED from edcollection/Android-PullToRefresh-master/AndroidManifest.xml:2:1-11:12
	package
		ADDED from edcollection/Android-PullToRefresh-master/AndroidManifest.xml:3:5-49
		INJECTED from edcollection/Android-PullToRefresh-master/AndroidManifest.xml
		INJECTED from edcollection/Android-PullToRefresh-master/AndroidManifest.xml
	android:versionName
		ADDED from edcollection/Android-PullToRefresh-master/AndroidManifest.xml:5:5-32
		INJECTED from edcollection/Android-PullToRefresh-master/AndroidManifest.xml
		INJECTED from edcollection/Android-PullToRefresh-master/AndroidManifest.xml
	xmlns:android
		ADDED from edcollection/Android-PullToRefresh-master/AndroidManifest.xml:2:11-69
	android:versionCode
		ADDED from edcollection/Android-PullToRefresh-master/AndroidManifest.xml:4:5-31
		INJECTED from edcollection/Android-PullToRefresh-master/AndroidManifest.xml
		INJECTED from edcollection/Android-PullToRefresh-master/AndroidManifest.xml
uses-sdk
ADDED from edcollection/Android-PullToRefresh-master/AndroidManifest.xml:7:5-44
	android:minSdkVersion
		ADDED from edcollection/Android-PullToRefresh-master/AndroidManifest.xml:7:15-41
application
ADDED from edcollection/Android-PullToRefresh-master/AndroidManifest.xml:9:5-20